0 info it worked if it ends with ok
1 verbose cli [ '/usr/bin/node', '/usr/bin/npm', 'install', '-g', 'forever' ]
2 info using npm@1.4.28
3 info using node@v0.10.35
4 verbose node symlink /usr/bin/node
5 verbose cache add [ 'forever', null ]
6 verbose cache add name=undefined spec="forever" args=["forever",null]
7 verbose parsed url { protocol: null,
7 verbose parsed url   slashes: null,
7 verbose parsed url   auth: null,
7 verbose parsed url   host: null,
7 verbose parsed url   port: null,
7 verbose parsed url   hostname: null,
7 verbose parsed url   hash: null,
7 verbose parsed url   search: null,
7 verbose parsed url   query: null,
7 verbose parsed url   pathname: 'forever',
7 verbose parsed url   path: 'forever',
7 verbose parsed url   href: 'forever' }
8 silly lockFile e07f8c4a-forever forever
9 verbose lock forever /home/mreschke/.npm/e07f8c4a-forever.lock
10 verbose chmod /tmp/npm-1969-xpp3rdlg/1422295107405-0.10988991800695658/tmp.tgz 644
11 verbose tar unpack /tmp/npm-1969-xpp3rdlg/1422295107405-0.10988991800695658/tmp.tgz
12 silly lockFile a170b15c-10988991800695658-tmp-tgz-unpack tar:///tmp/npm-1969-xpp3rdlg/1422295107405-0.10988991800695658/tmp.tgz-unpack
13 verbose lock tar:///tmp/npm-1969-xpp3rdlg/1422295107405-0.10988991800695658/tmp.tgz-unpack /home/mreschke/.npm/a170b15c-10988991800695658-tmp-tgz-unpack.lock
14 silly lockFile d6f60615-7405-0-10988991800695658-tmp-tgz tar:///tmp/npm-1969-xpp3rdlg/1422295107405-0.10988991800695658/tmp.tgz
15 verbose lock tar:///tmp/npm-1969-xpp3rdlg/1422295107405-0.10988991800695658/tmp.tgz /home/mreschke/.npm/d6f60615-7405-0-10988991800695658-tmp-tgz.lock
16 silly gunzTarPerm modes [ '755', '644' ]
17 error not a package /tmp/npm-1969-xpp3rdlg/1422295107405-0.10988991800695658/tmp.tgz
18 silly lockFile a170b15c-10988991800695658-tmp-tgz-unpack tar:///tmp/npm-1969-xpp3rdlg/1422295107405-0.10988991800695658/tmp.tgz-unpack
19 silly lockFile a170b15c-10988991800695658-tmp-tgz-unpack tar:///tmp/npm-1969-xpp3rdlg/1422295107405-0.10988991800695658/tmp.tgz-unpack
20 silly lockFile d6f60615-7405-0-10988991800695658-tmp-tgz tar:///tmp/npm-1969-xpp3rdlg/1422295107405-0.10988991800695658/tmp.tgz
21 silly lockFile d6f60615-7405-0-10988991800695658-tmp-tgz tar:///tmp/npm-1969-xpp3rdlg/1422295107405-0.10988991800695658/tmp.tgz
22 silly lockFile e07f8c4a-forever forever
23 silly lockFile e07f8c4a-forever forever
24 verbose addNamed [ 'forever', '' ]
25 verbose addNamed [ null, '*' ]
26 silly lockFile 28ef027b-forever forever@
27 verbose lock forever@ /home/mreschke/.npm/28ef027b-forever.lock
28 silly addNameRange { name: 'forever', range: '*', hasData: false }
29 verbose request where is /forever
30 verbose request registry https://registry.npmjs.org/
31 verbose request id ddf213715eaebe35
32 verbose url raw /forever
33 verbose url resolving [ 'https://registry.npmjs.org/', './forever' ]
34 verbose url resolved https://registry.npmjs.org/forever
35 verbose request where is https://registry.npmjs.org/forever
36 info trying registry request attempt 1 at 11:58:27
37 http GET https://registry.npmjs.org/forever
38 http 200 https://registry.npmjs.org/forever
39 silly registry.get cb [ 200,
39 silly registry.get   { date: 'Mon, 26 Jan 2015 17:58:05 GMT',
39 silly registry.get     server: 'CouchDB/1.5.0 (Erlang OTP/R16B03)',
39 silly registry.get     etag: '"CTNHYPPWU9QEMGJCO9O6316UR"',
39 silly registry.get     'content-type': 'application/json',
39 silly registry.get     'cache-control': 'max-age=60',
39 silly registry.get     'content-length': '71347',
39 silly registry.get     'accept-ranges': 'bytes',
39 silly registry.get     via: '1.1 varnish',
39 silly registry.get     age: '0',
39 silly registry.get     'x-served-by': 'cache-dfw1830-DFW',
39 silly registry.get     'x-cache': 'HIT',
39 silly registry.get     'x-cache-hits': '1',
39 silly registry.get     'x-timer': 'S1422295085.364634,VS0,VE61',
39 silly registry.get     vary: 'Accept',
39 silly registry.get     'keep-alive': 'timeout=10, max=50',
39 silly registry.get     connection: 'Keep-Alive' } ]
40 silly addNameRange number 2 { name: 'forever', range: '*', hasData: true }
41 silly addNameRange versions [ 'forever',
41 silly addNameRange   [ '0.6.0',
41 silly addNameRange     '0.6.1',
41 silly addNameRange     '0.6.2',
41 silly addNameRange     '0.6.3',
41 silly addNameRange     '0.6.4',
41 silly addNameRange     '0.6.5',
41 silly addNameRange     '0.6.6',
41 silly addNameRange     '0.6.7',
41 silly addNameRange     '0.6.8',
41 silly addNameRange     '0.6.9',
41 silly addNameRange     '0.7.0',
41 silly addNameRange     '0.7.1',
41 silly addNameRange     '0.7.2',
41 silly addNameRange     '0.7.3',
41 silly addNameRange     '0.7.4',
41 silly addNameRange     '0.7.5',
41 silly addNameRange     '0.8.0',
41 silly addNameRange     '0.8.1',
41 silly addNameRange     '0.8.2',
41 silly addNameRange     '0.8.3',
41 silly addNameRange     '0.8.4',
41 silly addNameRange     '0.8.5',
41 silly addNameRange     '0.9.0',
41 silly addNameRange     '0.9.1',
41 silly addNameRange     '0.9.2',
41 silly addNameRange     '0.10.0',
41 silly addNameRange     '0.10.5',
41 silly addNameRange     '0.10.6',
41 silly addNameRange     '0.10.7',
41 silly addNameRange     '0.10.8',
41 silly addNameRange     '0.10.9',
41 silly addNameRange     '0.10.10',
41 silly addNameRange     '0.10.11',
41 silly addNameRange     '0.11.0',
41 silly addNameRange     '0.11.1',
41 silly addNameRange     '0.12.0',
41 silly addNameRange     '0.13.0' ] ]
42 verbose addNamed [ 'forever', '0.13.0' ]
43 verbose addNamed [ '0.13.0', '0.13.0' ]
44 silly lockFile a664d5a5-forever-0-13-0 forever@0.13.0
45 verbose lock forever@0.13.0 /home/mreschke/.npm/a664d5a5-forever-0-13-0.lock
46 silly lockFile 9b60d490-s-org-forever-forever-0-13-0-tgz https://registry.npmjs.org/forever/-/forever-0.13.0.tgz
47 verbose lock https://registry.npmjs.org/forever/-/forever-0.13.0.tgz /home/mreschke/.npm/9b60d490-s-org-forever-forever-0-13-0-tgz.lock
48 verbose addRemoteTarball [ 'https://registry.npmjs.org/forever/-/forever-0.13.0.tgz',
48 verbose addRemoteTarball   '30857921b37994295a23ca1266628fb3aa2c2c00' ]
49 info retry fetch attempt 1 at 11:58:27
50 verbose fetch to= /tmp/npm-1969-xpp3rdlg/registry.npmjs.org/forever/-/forever-0.13.0.tgz
51 http GET https://registry.npmjs.org/forever/-/forever-0.13.0.tgz
52 http 200 https://registry.npmjs.org/forever/-/forever-0.13.0.tgz
53 silly lockFile 9b60d490-s-org-forever-forever-0-13-0-tgz https://registry.npmjs.org/forever/-/forever-0.13.0.tgz
54 silly lockFile 9b60d490-s-org-forever-forever-0-13-0-tgz https://registry.npmjs.org/forever/-/forever-0.13.0.tgz
55 silly lockFile a664d5a5-forever-0-13-0 forever@0.13.0
56 silly lockFile a664d5a5-forever-0-13-0 forever@0.13.0
57 silly lockFile 28ef027b-forever forever@
58 silly lockFile 28ef027b-forever forever@
59 silly resolved [ { name: 'forever',
59 silly resolved     preferGlobal: 'true',
59 silly resolved     description: 'A simple CLI tool for ensuring that a given node script runs continuously (i.e. forever)',
59 silly resolved     version: '0.13.0',
59 silly resolved     author: { name: 'Charlie Robbins', email: 'charlie.robbins@gmail.com' },
59 silly resolved     maintainers: [ [Object], [Object], [Object], [Object], [Object], [Object] ],
59 silly resolved     repository: { type: 'git', url: 'http://github.com/nodejitsu/forever.git' },
59 silly resolved     keywords: [ 'cli', 'fault tolerant', 'sysadmin', 'tools' ],
59 silly resolved     dependencies:
59 silly resolved      { colors: '~0.6.2',
59 silly resolved        cliff: '~0.1.9',
59 silly resolved        flatiron: '~0.4.2',
59 silly resolved        'forever-monitor': '~1.5.1',
59 silly resolved        nconf: '~0.6.9',
59 silly resolved        nssocket: '~0.5.1',
59 silly resolved        optimist: '~0.6.0',
59 silly resolved        timespan: '~2.3.0',
59 silly resolved        utile: '~0.2.1',
59 silly resolved        winston: '~0.8.1' },
59 silly resolved     devDependencies:
59 silly resolved      { broadway: '~0.3.6',
59 silly resolved        eventemitter2: '0.4.x',
59 silly resolved        request: '2.x.x',
59 silly resolved        vows: '0.7.x' },
59 silly resolved     bin: { forever: './bin/forever' },
59 silly resolved     main: './lib/forever',
59 silly resolved     scripts: { test: 'vows test/**/*-test.js --spec -i' },
59 silly resolved     engines: { node: '>= 0.8.x' },
59 silly resolved     gitHead: '8707877ab7b95e011c5216d54b22d561f60b45c6',
59 silly resolved     bugs: { url: 'https://github.com/nodejitsu/forever/issues' },
59 silly resolved     homepage: 'https://github.com/nodejitsu/forever',
59 silly resolved     _id: 'forever@0.13.0',
59 silly resolved     _shasum: '30857921b37994295a23ca1266628fb3aa2c2c00',
59 silly resolved     _from: 'forever@',
59 silly resolved     _npmVersion: '2.1.7',
59 silly resolved     _nodeVersion: '0.10.33',
59 silly resolved     _npmUser: { name: 'indexzero', email: 'charlie.robbins@gmail.com' },
59 silly resolved     dist:
59 silly resolved      { shasum: '30857921b37994295a23ca1266628fb3aa2c2c00',
59 silly resolved        tarball: 'http://registry.npmjs.org/forever/-/forever-0.13.0.tgz' },
59 silly resolved     directories: {},
59 silly resolved     _resolved: 'https://registry.npmjs.org/forever/-/forever-0.13.0.tgz' } ]
60 info install forever@0.13.0 into /usr/lib
61 info installOne forever@0.13.0
62 verbose lib/node_modules/forever unbuild
63 verbose tar unpack /home/mreschke/.npm/forever/0.13.0/package.tgz
64 silly lockFile b3dddd35-tar-usr-lib-node-modules-forever tar:///usr/lib/node_modules/forever
65 verbose lock tar:///usr/lib/node_modules/forever /home/mreschke/.npm/b3dddd35-tar-usr-lib-node-modules-forever.lock
66 silly lockFile 5b45a72b-e-npm-forever-0-13-0-package-tgz tar:///home/mreschke/.npm/forever/0.13.0/package.tgz
67 verbose lock tar:///home/mreschke/.npm/forever/0.13.0/package.tgz /home/mreschke/.npm/5b45a72b-e-npm-forever-0-13-0-package-tgz.lock
68 silly gunzTarPerm modes [ '755', '644' ]
69 error Error: EACCES, mkdir '/usr/lib/node_modules/forever'
69 error  { [Error: EACCES, mkdir '/usr/lib/node_modules/forever']
69 error   errno: 3,
69 error   code: 'EACCES',
69 error   path: '/usr/lib/node_modules/forever',
69 error   fstream_type: 'Directory',
69 error   fstream_path: '/usr/lib/node_modules/forever',
69 error   fstream_class: 'DirWriter',
69 error   fstream_stack:
69 error    [ '/usr/lib/node_modules/npm/node_modules/fstream/lib/dir-writer.js:36:23',
69 error      '/usr/lib/node_modules/npm/node_modules/mkdirp/index.js:46:53',
69 error      'Object.oncomplete (fs.js:108:15)' ] }
70 error Please try running this command again as root/Administrator.
71 error System Linux 3.16-2-amd64
72 error command "/usr/bin/node" "/usr/bin/npm" "install" "-g" "forever"
73 error cwd /tmp/logs.js
74 error node -v v0.10.35
75 error npm -v 1.4.28
76 error path /usr/lib/node_modules/forever
77 error fstream_path /usr/lib/node_modules/forever
78 error fstream_type Directory
79 error fstream_class DirWriter
80 error code EACCES
81 error errno 3
82 error stack Error: EACCES, mkdir '/usr/lib/node_modules/forever'
83 error fstream_stack /usr/lib/node_modules/npm/node_modules/fstream/lib/dir-writer.js:36:23
83 error fstream_stack /usr/lib/node_modules/npm/node_modules/mkdirp/index.js:46:53
83 error fstream_stack Object.oncomplete (fs.js:108:15)
84 verbose exit [ 3, true ]
